[27-Sep-25 22:40:16][OPGG.py->opgg           :        85][INFO   ] : OPGG.__init__(BYPASS_API_URL=https://lol-web-api.op.gg/api/v1.0/internal/bypass, headers={'User-Agent': 'Mozilla/5.0 (iPhone; CPU iPhone OS 11_0 like Mac OS X) AppleWebKit/537.36 (KHTML, like Gecko) Chrome/39.0.4319.1409 Mobile Safari/537.36'})
[27-Sep-25 22:40:16][OPGG.py->opgg           :       149][INFO   ] : Starting summoner search for 'Sorrrymakerrr#DOINB' in region 'NA'
[27-Sep-25 22:40:16][OPGG.py->opgg           :       160][INFO   ] : Searching specific region: NA
[27-Sep-25 22:40:16][OPGG.py->utils          :        83][INFO   ] : Sending search request to OPGG API... (API_URL = https://lol-web-api.op.gg/api/v1.0/internal/bypass/summoners/v2/NA/autocomplete?gameName=Sorrrymakerrr&tagline=DOINB, HEADERS = {'User-Agent': 'Mozilla/5.0 (iPhone; CPU iPhone OS 11_0 like Mac OS X) AppleWebKit/537.36 (KHTML, like Gecko) Chrome/39.0.4319.1409 Mobile Safari/537.36'})
[27-Sep-25 22:40:16][OPGG.py->utils          :        99][ERROR  ] : Error searching region NA: Cannot connect to host lol-web-api.op.gg:443 ssl:default [getaddrinfo failed]
[27-Sep-25 22:40:35][OPGG.py->opgg           :        85][INFO   ] : OPGG.__init__(BYPASS_API_URL=https://lol-web-api.op.gg/api/v1.0/internal/bypass, headers={'User-Agent': 'Mozilla/5.0 (iPhone; CPU iPhone OS 18_3 like Mac OS X) AppleWebKit/605.1.15 (KHTML, like Gecko) Version/18.3 Mobile/15E148 Safari/604.1'})
[27-Sep-25 22:40:35][OPGG.py->opgg           :       149][INFO   ] : Starting summoner search for 'Sorrrymakerrr' in region 'NA'
[27-Sep-25 22:40:35][OPGG.py->opgg           :       160][INFO   ] : Searching specific region: NA
[27-Sep-25 22:40:35][OPGG.py->utils          :        83][INFO   ] : Sending search request to OPGG API... (API_URL = https://lol-web-api.op.gg/api/v1.0/internal/bypass/summoners/v2/NA/autocomplete?gameName=Sorrrymakerrr&tagline=, HEADERS = {'User-Agent': 'Mozilla/5.0 (iPhone; CPU iPhone OS 18_3 like Mac OS X) AppleWebKit/605.1.15 (KHTML, like Gecko) Version/18.3 Mobile/15E148 Safari/604.1'})
[27-Sep-25 22:40:35][OPGG.py->utils          :        99][ERROR  ] : Error searching region NA: Cannot connect to host lol-web-api.op.gg:443 ssl:default [getaddrinfo failed]
[27-Sep-25 22:44:26][OPGG.py->opgg           :        85][INFO   ] : OPGG.__init__(BYPASS_API_URL=https://lol-web-api.op.gg/api/v1.0/internal/bypass, headers={'User-Agent': 'Mozilla/5.0 (iPhone; CPU iPhone OS 18_3_2 like Mac OS X) AppleWebKit/605.1.15 (KHTML, like Gecko) Version/18.3.1 Mobile/15E148 Safari/604.1'})
[27-Sep-25 22:44:26][OPGG.py->opgg           :       149][INFO   ] : Starting summoner search for 'Faker' in region 'NA'
[27-Sep-25 22:44:26][OPGG.py->opgg           :       160][INFO   ] : Searching specific region: NA
[27-Sep-25 22:44:26][OPGG.py->utils          :        83][INFO   ] : Sending search request to OPGG API... (API_URL = https://lol-web-api.op.gg/api/v1.0/internal/bypass/summoners/v2/NA/autocomplete?gameName=Faker&tagline=, HEADERS = {'User-Agent': 'Mozilla/5.0 (iPhone; CPU iPhone OS 18_3_2 like Mac OS X) AppleWebKit/605.1.15 (KHTML, like Gecko) Version/18.3.1 Mobile/15E148 Safari/604.1'})
[27-Sep-25 22:44:26][OPGG.py->utils          :        99][ERROR  ] : Error searching region NA: Cannot connect to host lol-web-api.op.gg:443 ssl:default [getaddrinfo failed]
[27-Sep-25 22:45:30][OPGG.py->opgg           :        85][INFO   ] : OPGG.__init__(BYPASS_API_URL=https://lol-web-api.op.gg/api/v1.0/internal/bypass, headers={'User-Agent': 'Mozilla/5.0 (iPhone; CPU iPhone OS 11_0 like Mac OS X) AppleWebKit/537.36 (KHTML, like Gecko) Chrome/51.0.1892.1577 Mobile Safari/537.36'})
[27-Sep-25 22:45:30][OPGG.py->opgg           :       149][INFO   ] : Starting summoner search for 'Faker' in region 'NA'
[27-Sep-25 22:45:30][OPGG.py->opgg           :       160][INFO   ] : Searching specific region: NA
[27-Sep-25 22:45:30][OPGG.py->utils          :        83][INFO   ] : Sending search request to OPGG API... (API_URL = https://lol-web-api.op.gg/api/v1.0/internal/bypass/summoners/v2/NA/autocomplete?gameName=Faker&tagline=, HEADERS = {'User-Agent': 'Mozilla/5.0 (iPhone; CPU iPhone OS 11_0 like Mac OS X) AppleWebKit/537.36 (KHTML, like Gecko) Chrome/51.0.1892.1577 Mobile Safari/537.36'})
[27-Sep-25 22:45:30][OPGG.py->utils          :        99][ERROR  ] : Error searching region NA: Cannot connect to host lol-web-api.op.gg:443 ssl:default [getaddrinfo failed]
